
ActionController::RoutingError (No route matches [POST] "/"):
  actionpack (4.2.7) lib/action_dispatch/middleware/debug_exceptions.rb:21:in `call'
  web-console (2.3.0) lib/web_console/middleware.rb:20:in `block in call'
  web-console (2.3.0) lib/web_console/middleware.rb:18:in `catch'
  web-console (2.3.0) lib/web_console/middleware.rb:18:in `call'
  actionpack (4.2.7) lib/action_dispatch/middleware/show_exceptions.rb:30:in `call'
  railties (4.2.7) lib/rails/rack/logger.rb:38:in `call_app'
  railties (4.2.7) lib/rails/rack/logger.rb:20:in `block in call'
  activesupport (4.2.7) lib/active_support/tagged_logging.rb:68:in `block in tagged'
  activesupport (4.2.7) lib/active_support/tagged_logging.rb:26:in `tagged'
  activesupport (4.2.7) lib/active_support/tagged_logging.rb:68:in `tagged'
  railties (4.2.7) lib/rails/rack/logger.rb:20:in `call'
  actionpack (4.2.7) lib/action_dispatch/middleware/request_id.rb:21:in `call'
  rack (1.6.8) lib/rack/methodoverride.rb:22:in `call'
  rack (1.6.8) lib/rack/runtime.rb:18:in `call'
  activesupport (4.2.7) lib/active_support/cache/strategy/local_cache_middleware.rb:28:in `call'
  rack (1.6.8) lib/rack/lock.rb:17:in `call'
  actionpack (4.2.7) lib/action_dispatch/middleware/static.rb:120:in `call'
  rack (1.6.8) lib/rack/sendfile.rb:113:in `call'
  railties (4.2.7) lib/rails/engine.rb:518:in `call'
  railties (4.2.7) lib/rails/application.rb:165:in `call'
  rack (1.6.8) lib/rack/lock.rb:17:in `call'
  rack (1.6.8) lib/rack/content_length.rb:15:in `call'
  rack (1.6.8) lib/rack/handler/webrick.rb:88:in `service'
  /home/vagrant/.rvm/rubies/ruby-2.3.1/lib/ruby/2.3.0/webrick/httpserver.rb:140:in `service'
  /home/vagrant/.rvm/rubies/ruby-2.3.1/lib/ruby/2.3.0/webrick/httpserver.rb:96:in `run'
  /home/vagrant/.rvm/rubies/ruby-2.3.1/lib/ruby/2.3.0/webrick/server.rb:296:in `block in start_thread'



NoMethodError (undefined method `has_manu' for #<Class:0x007facb8814ba8>
Did you mean?  has_many):
  app/models/user.rb:4:in `<class:User>'
  app/models/user.rb:1:in `<top (required)>'
  app/controllers/users_controller.rb:4:in `create'



ActionController::RoutingError (No route matches [POST] "/sessions"):
  actionpack (4.2.7) lib/action_dispatch/middleware/debug_exceptions.rb:21:in `call'
  web-console (2.3.0) lib/web_console/middleware.rb:20:in `block in call'
  web-console (2.3.0) lib/web_console/middleware.rb:18:in `catch'
  web-console (2.3.0) lib/web_console/middleware.rb:18:in `call'
  actionpack (4.2.7) lib/action_dispatch/middleware/show_exceptions.rb:30:in `call'
  railties (4.2.7) lib/rails/rack/logger.rb:38:in `call_app'
  railties (4.2.7) lib/rails/rack/logger.rb:20:in `block in call'
  activesupport (4.2.7) lib/active_support/tagged_logging.rb:68:in `block in tagged'
  activesupport (4.2.7) lib/active_support/tagged_logging.rb:26:in `tagged'
  activesupport (4.2.7) lib/active_support/tagged_logging.rb:68:in `tagged'
  railties (4.2.7) lib/rails/rack/logger.rb:20:in `call'
  actionpack (4.2.7) lib/action_dispatch/middleware/request_id.rb:21:in `call'
  rack (1.6.8) lib/rack/methodoverride.rb:22:in `call'
  rack (1.6.8) lib/rack/runtime.rb:18:in `call'
  activesupport (4.2.7) lib/active_support/cache/strategy/local_cache_middleware.rb:28:in `call'
  rack (1.6.8) lib/rack/lock.rb:17:in `call'
  actionpack (4.2.7) lib/action_dispatch/middleware/static.rb:120:in `call'
  rack (1.6.8) lib/rack/sendfile.rb:113:in `call'
  railties (4.2.7) lib/rails/engine.rb:518:in `call'
  railties (4.2.7) lib/rails/application.rb:165:in `call'
  rack (1.6.8) lib/rack/lock.rb:17:in `call'
  rack (1.6.8) lib/rack/content_length.rb:15:in `call'
  rack (1.6.8) lib/rack/handler/webrick.rb:88:in `service'
  /home/vagrant/.rvm/rubies/ruby-2.3.1/lib/ruby/2.3.0/webrick/httpserver.rb:140:in `service'
  /home/vagrant/.rvm/rubies/ruby-2.3.1/lib/ruby/2.3.0/webrick/httpserver.rb:96:in `run'
  /home/vagrant/.rvm/rubies/ruby-2.3.1/lib/ruby/2.3.0/webrick/server.rb:296:in `block in start_thread'



NameError (undefined local variable or method `login_params' for #<SessionsController:0x007facb48d7b70>
Did you mean?  @_params):
  app/controllers/sessions_controller.rb:3:in `create'



SyntaxError (/vagrant/rails/rails_exam/app/views/networks/index.html.erb:2: syntax error, unexpected ')', expecting keyword_end
'.freeze; link_to "All Users", users_path) 
                                          ^):
  app/views/networks/index.html.erb:2: syntax error, unexpected ')', expecting keyword_end



SyntaxError (/vagrant/rails/rails_exam/app/views/networks/index.html.erb:2: syntax error, unexpected ')', expecting keyword_end
...ink_to "All Users", users_path) ;@output_buffer.safe_append=...
...                               ^):
  app/views/networks/index.html.erb:2: syntax error, unexpected ')', expecting keyword_end



SyntaxError (/vagrant/rails/rails_exam/app/views/networks/index.html.erb:2: syntax error, unexpected ')', expecting keyword_end
...k_to "All Users", users_path) );@output_buffer.safe_append='...
...                               ^):
  app/views/networks/index.html.erb:2: syntax error, unexpected ')', expecting keyword_end



SyntaxError (/vagrant/rails/rails_exam/app/views/users/index.html.erb:3: unknown regexp option - h
/vagrant/rails/rails_exam/app/views/users/index.html.erb:3: syntax error, unexpected tINTEGER, expecting keyword_end
<h2>Users you may want to connect with:</h2>
                                           ^
/vagrant/rails/rails_exam/app/views/users/index.html.erb:8: unknown regexp options - th
/vagrant/rails/rails_exam/app/views/users/index.html.erb:9: syntax error, unexpected '<'
  </tr>
   ^
/vagrant/rails/rails_exam/app/views/users/index.html.erb:12: unknown regexp options - td
/vagrant/rails/rails_exam/app/views/users/index.html.erb:13: syntax error, unexpected '<'
    <td><a href="#">Connect</a></td>
     ^
/vagrant/rails/rails_exam/app/views/users/index.html.erb:13: unknown regexp options - td
/vagrant/rails/rails_exam/app/views/users/index.html.erb:14: syntax error, unexpected '<'
  </tr>
   ^
/vagrant/rails/rails_exam/app/views/users/index.html.erb:17: unknown regexp options - tabl
/vagrant/rails/rails_exam/app/views/users/index.html.erb:18: unterminated string meets end of file
/vagrant/rails/rails_exam/app/views/users/index.html.erb:18: syntax error, unexpected end-of-input, expecting keyword_end):
  app/views/users/index.html.erb:3: unknown regexp option - h
  app/views/users/index.html.erb:3: syntax error, unexpected tINTEGER, expecting keyword_end
  app/views/users/index.html.erb:8: unknown regexp options - th
  app/views/users/index.html.erb:9: syntax error, unexpected '<'
  app/views/users/index.html.erb:12: unknown regexp options - td
  app/views/users/index.html.erb:13: syntax error, unexpected '<'
  app/views/users/index.html.erb:13: unknown regexp options - td
  app/views/users/index.html.erb:14: syntax error, unexpected '<'
  app/views/users/index.html.erb:17: unknown regexp options - tabl
  app/views/users/index.html.erb:18: unterminated string meets end of file
  app/views/users/index.html.erb:18: syntax error, unexpected end-of-input, expecting keyword_end



ActionView::Template::Error (undefined local variable or method `current_user' for #<#<Class:0x007facb03a3d10>:0x007facbc36fce8>
Did you mean?  current_page?):
    14:     <% end %>
    15:   <% end %>
    16: 
    17:   <% if current_user %>
    18:     <form action="/sessions" method="post">
    19:       <input type="hidden" name="authenticity_token" value="<%= form_authenticity_token %>">
    20:       <input type="hidden" name="_method" value="delete">
  app/views/layouts/application.html.erb:17:in `_app_views_layouts_application_html_erb___176771213976919198_70189934404780'



AbstractController::ActionNotFound (The action 'destroy' could not be found for SessionsController):
  actionpack (4.2.7) lib/abstract_controller/base.rb:132:in `process'
  actionview (4.2.7) lib/action_view/rendering.rb:30:in `process'
  actionpack (4.2.7) lib/action_controller/metal.rb:196:in `dispatch'
  actionpack (4.2.7) lib/action_controller/metal/rack_delegation.rb:13:in `dispatch'
  actionpack (4.2.7) lib/action_controller/metal.rb:237:in `block in action'
  actionpack (4.2.7) lib/action_dispatch/routing/route_set.rb:74:in `dispatch'
  actionpack (4.2.7) lib/action_dispatch/routing/route_set.rb:43:in `serve'
  actionpack (4.2.7) lib/action_dispatch/journey/router.rb:43:in `block in serve'
  actionpack (4.2.7) lib/action_dispatch/journey/router.rb:30:in `each'
  actionpack (4.2.7) lib/action_dispatch/journey/router.rb:30:in `serve'
  actionpack (4.2.7) lib/action_dispatch/routing/route_set.rb:817:in `call'
  rack (1.6.8) lib/rack/etag.rb:24:in `call'
  rack (1.6.8) lib/rack/conditionalget.rb:38:in `call'
  rack (1.6.8) lib/rack/head.rb:13:in `call'
  actionpack (4.2.7) lib/action_dispatch/middleware/params_parser.rb:27:in `call'
  actionpack (4.2.7) lib/action_dispatch/middleware/flash.rb:260:in `call'
  rack (1.6.8) lib/rack/session/abstract/id.rb:225:in `context'
  rack (1.6.8) lib/rack/session/abstract/id.rb:220:in `call'
  actionpack (4.2.7) lib/action_dispatch/middleware/cookies.rb:560:in `call'
  activerecord (4.2.7) lib/active_record/query_cache.rb:36:in `call'
  activerecord (4.2.7) lib/active_record/connection_adapters/abstract/connection_pool.rb:653:in `call'
  activerecord (4.2.7) lib/active_record/migration.rb:377:in `call'
  actionpack (4.2.7) lib/action_dispatch/middleware/callbacks.rb:29:in `block in call'
  activesupport (4.2.7) lib/active_support/callbacks.rb:88:in `__run_callbacks__'
  activesupport (4.2.7) lib/active_support/callbacks.rb:778:in `_run_call_callbacks'
  activesupport (4.2.7) lib/active_support/callbacks.rb:81:in `run_callbacks'
  actionpack (4.2.7) lib/action_dispatch/middleware/callbacks.rb:27:in `call'
  actionpack (4.2.7) lib/action_dispatch/middleware/reloader.rb:73:in `call'
  actionpack (4.2.7) lib/action_dispatch/middleware/remote_ip.rb:78:in `call'
  actionpack (4.2.7) lib/action_dispatch/middleware/debug_exceptions.rb:17:in `call'
  web-console (2.3.0) lib/web_console/middleware.rb:20:in `block in call'
  web-console (2.3.0) lib/web_console/middleware.rb:18:in `catch'
  web-console (2.3.0) lib/web_console/middleware.rb:18:in `call'
  actionpack (4.2.7) lib/action_dispatch/middleware/show_exceptions.rb:30:in `call'
  railties (4.2.7) lib/rails/rack/logger.rb:38:in `call_app'
  railties (4.2.7) lib/rails/rack/logger.rb:20:in `block in call'
  activesupport (4.2.7) lib/active_support/tagged_logging.rb:68:in `block in tagged'
  activesupport (4.2.7) lib/active_support/tagged_logging.rb:26:in `tagged'
  activesupport (4.2.7) lib/active_support/tagged_logging.rb:68:in `tagged'
  railties (4.2.7) lib/rails/rack/logger.rb:20:in `call'
  actionpack (4.2.7) lib/action_dispatch/middleware/request_id.rb:21:in `call'
  rack (1.6.8) lib/rack/methodoverride.rb:22:in `call'
  rack (1.6.8) lib/rack/runtime.rb:18:in `call'
  activesupport (4.2.7) lib/active_support/cache/strategy/local_cache_middleware.rb:28:in `call'
  rack (1.6.8) lib/rack/lock.rb:17:in `call'
  actionpack (4.2.7) lib/action_dispatch/middleware/static.rb:120:in `call'
  rack (1.6.8) lib/rack/sendfile.rb:113:in `call'
  railties (4.2.7) lib/rails/engine.rb:518:in `call'
  railties (4.2.7) lib/rails/application.rb:165:in `call'
  rack (1.6.8) lib/rack/lock.rb:17:in `call'
  rack (1.6.8) lib/rack/content_length.rb:15:in `call'
  rack (1.6.8) lib/rack/handler/webrick.rb:88:in `service'
  /home/vagrant/.rvm/rubies/ruby-2.3.1/lib/ruby/2.3.0/webrick/httpserver.rb:140:in `service'
  /home/vagrant/.rvm/rubies/ruby-2.3.1/lib/ruby/2.3.0/webrick/httpserver.rb:96:in `run'
  /home/vagrant/.rvm/rubies/ruby-2.3.1/lib/ruby/2.3.0/webrick/server.rb:296:in `block in start_thread'



ActionView::Template::Error (PG::UndefinedColumn: ERROR:  column "user_id" does not exist
LINE 1: SELECT "users".* FROM "users" WHERE (NOT (user_id = 2))
                                                  ^
: SELECT "users".* FROM "users" WHERE (NOT (user_id = 2))):
     6:     <th>Name</th>
     7:     <th>Action</th>
     8:   </tr>
     9:   <% @users.each do |user| %>
    10:   <tr>
    11:     <td><%=user.name%></td>
    12:     <td><a href="#">Connect</a></td>
  app/views/users/index.html.erb:9:in `_app_views_users_index_html_erb__3743056715622925115_70189904523840'



ActionView::Template::Error (PG::UndefinedFunction: ERROR:  operator does not exist: name = integer
LINE 1: SELECT "users".* FROM "users" WHERE (NOT (user = 2))
                                                       ^
HINT:  No operator matches the given name and argument type(s). You might need to add explicit type casts.
: SELECT "users".* FROM "users" WHERE (NOT (user = 2))):
     6:     <th>Name</th>
     7:     <th>Action</th>
     8:   </tr>
     9:   <% @users.each do |user| %>
    10:   <tr>
    11:     <td><%=user.name%></td>
    12:     <td><a href="#">Connect</a></td>
  app/views/users/index.html.erb:9:in `_app_views_users_index_html_erb__3743056715622925115_70189904523840'



ActionView::Template::Error (PG::SyntaxError: ERROR:  syntax error at or near "."
LINE 1: SELECT "users".* FROM "users" WHERE (NOT (user.id = 2))
                                                      ^
: SELECT "users".* FROM "users" WHERE (NOT (user.id = 2))):
     6:     <th>Name</th>
     7:     <th>Action</th>
     8:   </tr>
     9:   <% @users.each do |user| %>
    10:   <tr>
    11:     <td><%=user.name%></td>
    12:     <td><a href="#">Connect</a></td>
  app/views/users/index.html.erb:9:in `_app_views_users_index_html_erb__3743056715622925115_70189904523840'



ActionView::Template::Error (PG::UndefinedColumn: ERROR:  column "user_id" does not exist
LINE 1: SELECT "users".* FROM "users" WHERE (NOT (user_id = 2))
                                                  ^
: SELECT "users".* FROM "users" WHERE (NOT (user_id = 2))):
     6:     <th>Name</th>
     7:     <th>Action</th>
     8:   </tr>
     9:   <% @users.each do |user| %>
    10:   <tr>
    11:     <td><%=user.name%></td>
    12:     <td><a href="#">Connect</a></td>
  app/views/users/index.html.erb:9:in `_app_views_users_index_html_erb__3743056715622925115_70189904523840'



ActionView::Template::Error (undefined local variable or method `invites_path' for #<#<Class:0x000000040b9b00>:0x000000040a8378>
Did you mean?  invites_create_path):
     9:   <% @users.each do |user| %>
    10:   <tr>
    11:     <td><%=user.name%></td>
    12:     <td><%=link_to "Connect", invites_path, :method => :post %></td>
    13:   </tr>
    14: 
    15:   <% end %>
  app/views/users/index.html.erb:12:in `block in _app_views_users_index_html_erb__3743056715622925115_33885300'
  app/views/users/index.html.erb:9:in `_app_views_users_index_html_erb__3743056715622925115_33885300'



NameError (undefined local variable or method `friend' for #<InvitesController:0x007facb021b588>):
  app/controllers/invites_controller.rb:7:in `create'


